main.obj : error LNK2019: símbolo externo __imp_glewInit sin resolver al que se hace referencia en la función main
main.obj : error LNK2019: símbolo externo __imp_glutInitWindowPosition sin resolver al que se hace referencia en la función main
main.obj : error LNK2019: símbolo externo __imp_glutInitWindowSize sin resolver al que se hace referencia en la función main
main.obj : error LNK2019: símbolo externo __imp_glutInitDisplayMode sin resolver al que se hace referencia en la función main
main.obj : error LNK2019: símbolo externo __imp_glutMainLoop sin resolver al que se hace referencia en la función main
main.obj : error LNK2019: símbolo externo __imp_glutPostRedisplay sin resolver al que se hace referencia en la función "void __cdecl idleCallback(void)" (?idleCallback@@YAXXZ)
main.obj : error LNK2019: símbolo externo __imp_glutSwapBuffers sin resolver al que se hace referencia en la función "void __cdecl drawCallback(void)" (?drawCallback@@YAXXZ)
main.obj : error LNK2019: símbolo externo __imp_glutIdleFunc sin resolver al que se hace referencia en la función main
main.obj : error LNK2019: símbolo externo __imp_glutKeyboardFunc sin resolver al que se hace referencia en la función main
main.obj : error LNK2019: símbolo externo __imp_glutSpecialFunc sin resolver al que se hace referencia en la función main
main.obj : error LNK2019: símbolo externo __imp_glutDisplayFunc sin resolver al que se hace referencia en la función main
main.obj : error LNK2019: símbolo externo __imp_glutMouseFunc sin resolver al que se hace referencia en la función main
main.obj : error LNK2019: símbolo externo __imp_glutMotionFunc sin resolver al que se hace referencia en la función main
main.obj : error LNK2019: símbolo externo __imp_glutKeyboardUpFunc sin resolver al que se hace referencia en la función main
main.obj : error LNK2019: símbolo externo __imp_glutSpecialUpFunc sin resolver al que se hace referencia en la función main
main.obj : error LNK2019: símbolo externo __imp_glutGet sin resolver al que se hace referencia en la función "void __cdecl idleCallback(void)" (?idleCallback@@YAXXZ)
main.obj : error LNK2019: símbolo externo __imp___glutInitWithExit sin resolver al que se hace referencia en la función glutInit_ATEXIT_HACK
main.obj : error LNK2019: símbolo externo __imp___glutCreateWindowWithExit sin resolver al que se hace referencia en la función glutCreateWindow_ATEXIT_HACK
main.obj : error LNK2019: símbolo externo __imp_glewExperimental sin resolver al que se hace referencia en la función main
Shader.obj : error LNK2019: símbolo externo __imp___glewCompileShader sin resolver al que se hace referencia en la función "public: void __cdecl Shader::initFromSource(enum ShaderType,class std::basic_string<char,struct std::char_traits<char>,class std::allocator<char> > const &)" (?initFromSource@Shader@@QEAAXW4ShaderType@@AEBV?$basic_string@DU?$char_traits@D@std@@V?$allocator@D@2@@std@@@Z)
Shader.obj : error LNK2019: símbolo externo __imp___glewCreateShader sin resolver al que se hace referencia en la función "public: void __cdecl Shader::initFromSource(enum ShaderType,class std::basic_string<char,struct std::char_traits<char>,class std::allocator<char> > const &)" (?initFromSource@Shader@@QEAAXW4ShaderType@@AEBV?$basic_string@DU?$char_traits@D@std@@V?$allocator@D@2@@std@@@Z)
Shader.obj : error LNK2019: símbolo externo __imp___glewDeleteShader sin resolver al que se hace referencia en la función "public: void __cdecl Shader::free(void)" (?free@Shader@@QEAAXXZ)
Shader.obj : error LNK2019: símbolo externo __imp___glewGetShaderInfoLog sin resolver al que se hace referencia en la función "public: void __cdecl Shader::initFromSource(enum ShaderType,class std::basic_string<char,struct std::char_traits<char>,class std::allocator<char> > const &)" (?initFromSource@Shader@@QEAAXW4ShaderType@@AEBV?$basic_string@DU?$char_traits@D@std@@V?$allocator@D@2@@std@@@Z)
Shader.obj : error LNK2019: símbolo externo __imp___glewGetShaderiv sin resolver al que se hace referencia en la función "public: void __cdecl Shader::initFromSource(enum ShaderType,class std::basic_string<char,struct std::char_traits<char>,class std::allocator<char> > const &)" (?initFromSource@Shader@@QEAAXW4ShaderType@@AEBV?$basic_string@DU?$char_traits@D@std@@V?$allocator@D@2@@std@@@Z)
Shader.obj : error LNK2019: símbolo externo __imp___glewShaderSource sin resolver al que se hace referencia en la función "public: void __cdecl Shader::initFromSource(enum ShaderType,class std::basic_string<char,struct std::char_traits<char>,class std::allocator<char> > const &)" (?initFromSource@Shader@@QEAAXW4ShaderType@@AEBV?$basic_string@DU?$char_traits@D@std@@V?$allocator@D@2@@std@@@Z)
ShaderProgram.obj : error LNK2019: símbolo externo __imp___glewAttachShader sin resolver al que se hace referencia en la función "public: void __cdecl ShaderProgram::addShader(class Shader const &)" (?addShader@ShaderProgram@@QEAAXAEBVShader@@@Z)
ShaderProgram.obj : error LNK2019: símbolo externo __imp___glewBindAttribLocation sin resolver al que se hace referencia en la función "public: void __cdecl ShaderProgram::bindFragmentOutput(class std::basic_string<char,struct std::char_traits<char>,class std::allocator<char> > const &)" (?bindFragmentOutput@ShaderProgram@@QEAAXAEBV?$basic_string@DU?$char_traits@D@std@@V?$allocator@D@2@@std@@@Z)
ShaderProgram.obj : error LNK2019: símbolo externo __imp___glewCreateProgram sin resolver al que se hace referencia en la función "public: void __cdecl ShaderProgram::init(void)" (?init@ShaderProgram@@QEAAXXZ)
ShaderProgram.obj : error LNK2019: símbolo externo __imp___glewDeleteProgram sin resolver al que se hace referencia en la función "public: void __cdecl ShaderProgram::free(void)" (?free@ShaderProgram@@QEAAXXZ)
ShaderProgram.obj : error LNK2019: símbolo externo __imp___glewGetAttribLocation sin resolver al que se hace referencia en la función "public: int __cdecl ShaderProgram::bindVertexAttribute(class std::basic_string<char,struct std::char_traits<char>,class std::allocator<char> > const &,int,int,void *)" (?bindVertexAttribute@ShaderProgram@@QEAAHAEBV?$basic_string@DU?$char_traits@D@std@@V?$allocator@D@2@@std@@HHPEAX@Z)
ShaderProgram.obj : error LNK2019: símbolo externo __imp___glewGetProgramInfoLog sin resolver al que se hace referencia en la función "public: void __cdecl ShaderProgram::link(void)" (?link@ShaderProgram@@QEAAXXZ)
ShaderProgram.obj : error LNK2019: símbolo externo __imp___glewGetProgramiv sin resolver al que se hace referencia en la función "public: void __cdecl ShaderProgram::link(void)" (?link@ShaderProgram@@QEAAXXZ)
ShaderProgram.obj : error LNK2019: símbolo externo __imp___glewGetUniformLocation sin resolver al que se hace referencia en la función "public: void __cdecl ShaderProgram::setUniform2f(class std::basic_string<char,struct std::char_traits<char>,class std::allocator<char> > const &,float,float)" (?setUniform2f@ShaderProgram@@QEAAXAEBV?$basic_string@DU?$char_traits@D@std@@V?$allocator@D@2@@std@@MM@Z)
ShaderProgram.obj : error LNK2019: símbolo externo __imp___glewLinkProgram sin resolver al que se hace referencia en la función "public: void __cdecl ShaderProgram::link(void)" (?link@ShaderProgram@@QEAAXXZ)
ShaderProgram.obj : error LNK2019: símbolo externo __imp___glewUniform2f sin resolver al que se hace referencia en la función "public: void __cdecl ShaderProgram::setUniform2f(class std::basic_string<char,struct std::char_traits<char>,class std::allocator<char> > const &,float,float)" (?setUniform2f@ShaderProgram@@QEAAXAEBV?$basic_string@DU?$char_traits@D@std@@V?$allocator@D@2@@std@@MM@Z)
ShaderProgram.obj : error LNK2019: símbolo externo __imp___glewUniform3f sin resolver al que se hace referencia en la función "public: void __cdecl ShaderProgram::setUniform3f(class std::basic_string<char,struct std::char_traits<char>,class std::allocator<char> > const &,float,float,float)" (?setUniform3f@ShaderProgram@@QEAAXAEBV?$basic_string@DU?$char_traits@D@std@@V?$allocator@D@2@@std@@MMM@Z)
ShaderProgram.obj : error LNK2019: símbolo externo __imp___glewUniform4f sin resolver al que se hace referencia en la función "public: void __cdecl ShaderProgram::setUniform4f(class std::basic_string<char,struct std::char_traits<char>,class std::allocator<char> > const &,float,float,float,float)" (?setUniform4f@ShaderProgram@@QEAAXAEBV?$basic_string@DU?$char_traits@D@std@@V?$allocator@D@2@@std@@MMMM@Z)
ShaderProgram.obj : error LNK2019: símbolo externo __imp___glewUniformMatrix4fv sin resolver al que se hace referencia en la función "public: void __cdecl ShaderProgram::setUniformMatrix4f(class std::basic_string<char,struct std::char_traits<char>,class std::allocator<char> > const &,struct glm::tmat4x4<float,0> &)" (?setUniformMatrix4f@ShaderProgram@@QEAAXAEBV?$basic_string@DU?$char_traits@D@std@@V?$allocator@D@2@@std@@AEAU?$tmat4x4@M$0A@@glm@@@Z)
ShaderProgram.obj : error LNK2019: símbolo externo __imp___glewUseProgram sin resolver al que se hace referencia en la función "public: void __cdecl ShaderProgram::use(void)" (?use@ShaderProgram@@QEAAXXZ)
ShaderProgram.obj : error LNK2019: símbolo externo __imp___glewVertexAttribPointer sin resolver al que se hace referencia en la función "public: int __cdecl ShaderProgram::bindVertexAttribute(class std::basic_string<char,struct std::char_traits<char>,class std::allocator<char> > const &,int,int,void *)" (?bindVertexAttribute@ShaderProgram@@QEAAHAEBV?$basic_string@DU?$char_traits@D@std@@V?$allocator@D@2@@std@@HHPEAX@Z)
Sprite.obj : error LNK2019: símbolo externo __imp___glewBindBuffer sin resolver al que se hace referencia en la función "private: __cdecl Sprite::Sprite(struct glm::tvec2<float,0> const &,struct glm::tvec2<float,0> const &,class Texture *,class ShaderProgram *)" (??0Sprite@@AEAA@AEBU?$tvec2@M$0A@@glm@@0PEAVTexture@@PEAVShaderProgram@@@Z)
TileMap.obj : error LNK2001: símbolo externo __imp___glewBindBuffer sin resolver
Sprite.obj : error LNK2019: símbolo externo __imp___glewBufferData sin resolver al que se hace referencia en la función "private: __cdecl Sprite::Sprite(struct glm::tvec2<float,0> const &,struct glm::tvec2<float,0> const &,class Texture *,class ShaderProgram *)" (??0Sprite@@AEAA@AEBU?$tvec2@M$0A@@glm@@0PEAVTexture@@PEAVShaderProgram@@@Z)
TileMap.obj : error LNK2001: símbolo externo __imp___glewBufferData sin resolver
Sprite.obj : error LNK2019: símbolo externo __imp___glewDeleteBuffers sin resolver al que se hace referencia en la función "public: void __cdecl Sprite::free(void)" (?free@Sprite@@QEAAXXZ)
TileMap.obj : error LNK2001: símbolo externo __imp___glewDeleteBuffers sin resolver
Sprite.obj : error LNK2019: símbolo externo __imp___glewGenBuffers sin resolver al que se hace referencia en la función "private: __cdecl Sprite::Sprite(struct glm::tvec2<float,0> const &,struct glm::tvec2<float,0> const &,class Texture *,class ShaderProgram *)" (??0Sprite@@AEAA@AEBU?$tvec2@M$0A@@glm@@0PEAVTexture@@PEAVShaderProgram@@@Z)
TileMap.obj : error LNK2001: símbolo externo __imp___glewGenBuffers sin resolver
Sprite.obj : error LNK2019: símbolo externo __imp___glewEnableVertexAttribArray sin resolver al que se hace referencia en la función "public: void __cdecl Sprite::render(void)const " (?render@Sprite@@QEBAXXZ)
TileMap.obj : error LNK2001: símbolo externo __imp___glewEnableVertexAttribArray sin resolver
Sprite.obj : error LNK2019: símbolo externo __imp___glewBindVertexArray sin resolver al que se hace referencia en la función "private: __cdecl Sprite::Sprite(struct glm::tvec2<float,0> const &,struct glm::tvec2<float,0> const &,class Texture *,class ShaderProgram *)" (??0Sprite@@AEAA@AEBU?$tvec2@M$0A@@glm@@0PEAVTexture@@PEAVShaderProgram@@@Z)
TileMap.obj : error LNK2001: símbolo externo __imp___glewBindVertexArray sin resolver
Sprite.obj : error LNK2019: símbolo externo __imp___glewGenVertexArrays sin resolver al que se hace referencia en la función "private: __cdecl Sprite::Sprite(struct glm::tvec2<float,0> const &,struct glm::tvec2<float,0> const &,class Texture *,class ShaderProgram *)" (??0Sprite@@AEAA@AEBU?$tvec2@M$0A@@glm@@0PEAVTexture@@PEAVShaderProgram@@@Z)
TileMap.obj : error LNK2001: símbolo externo __imp___glewGenVertexArrays sin resolver
Texture.obj : error LNK2019: símbolo externo SOIL_load_image sin resolver al que se hace referencia en la función "public: bool __cdecl Texture::loadFromFile(class std::basic_string<char,struct std::char_traits<char>,class std::allocator<char> > const &,enum PixelFormat)" (?loadFromFile@Texture@@QEAA_NAEBV?$basic_string@DU?$char_traits@D@std@@V?$allocator@D@2@@std@@W4PixelFormat@@@Z)
Texture.obj : error LNK2019: símbolo externo __imp___glewGenerateMipmap sin resolver al que se hace referencia en la función "public: void __cdecl Texture::generateMipmap(void)" (?generateMipmap@Texture@@QEAAXXZ)
..\libs\Simple OpenGL Image Library\projects\VC9\Debug\SOIL.lib : warning LNK4272: el tipo de máquina de biblioteca 'x86' está en conflicto con el tipo de máquina de destino 'x64'
..\libs\glew-1.13.0\lib\Release\Win32\glew32.lib : warning LNK4272: el tipo de máquina de biblioteca 'x86' está en conflicto con el tipo de máquina de destino 'x64'
..\libs\freeglut\lib\freeglut.lib : warning LNK4272: el tipo de máquina de biblioteca 'x86' está en conflicto con el tipo de máquina de destino 'x64'
C:\Users\Paloli\Desktop\a\Night-Knight\x64\Debug\Night-Knight.exe : fatal error LNK1120: 49 externos sin resolver
